[debug] [2022-10-27T17:48:06.498Z] ----------------------------------------------------------------------
[debug] [2022-10-27T17:48:06.502Z] Command:       C:\Program Files\nodejs\node.exe C:\Users\asus\AppData\Roaming\npm\node_modules\firebase-tools\lib\bin\firebase.js deploy
[debug] [2022-10-27T17:48:06.503Z] CLI Version:   11.15.0
[debug] [2022-10-27T17:48:06.503Z] Platform:      win32
[debug] [2022-10-27T17:48:06.503Z] Node Version:  v16.15.1
[debug] [2022-10-27T17:48:06.513Z] Time:          Thu Oct 27 2022 23:48:06 GMT+0600 (Bangladesh Standard Time)
[debug] [2022-10-27T17:48:06.514Z] ----------------------------------------------------------------------
[debug] 
[debug] [2022-10-27T17:48:06.655Z] > command requires scopes: ["email","openid","https://www.googleapis.com/auth/cloudplatformprojects.readonly","https://www.googleapis.com/auth/firebase","https://www.googleapis.com/auth/cloud-platform"]
[debug] [2022-10-27T17:48:06.656Z] > authorizing via signed-in user (shamim00.optimistic11@gmail.com)
[debug] [2022-10-27T17:48:06.657Z] [iam] checking project bizon-learning for permissions ["firebase.projects.get","firebasehosting.sites.update"]
[debug] [2022-10-27T17:48:06.661Z] >>> [apiv2][query] POST https://cloudresourcemanager.googleapis.com/v1/projects/bizon-learning:testIamPermissions [none]
[debug] [2022-10-27T17:48:06.662Z] >>> [apiv2][(partial)header] POST https://cloudresourcemanager.googleapis.com/v1/projects/bizon-learning:testIamPermissions x-goog-quota-user=projects/bizon-learning
[debug] [2022-10-27T17:48:06.662Z] >>> [apiv2][body] POST https://cloudresourcemanager.googleapis.com/v1/projects/bizon-learning:testIamPermissions {"permissions":["firebase.projects.get","firebasehosting.sites.update"]}
[debug] [2022-10-27T17:48:08.303Z] <<< [apiv2][status] POST https://cloudresourcemanager.googleapis.com/v1/projects/bizon-learning:testIamPermissions 200
[debug] [2022-10-27T17:48:08.304Z] <<< [apiv2][body] POST https://cloudresourcemanager.googleapis.com/v1/projects/bizon-learning:testIamPermissions {"permissions":["firebase.projects.get","firebasehosting.sites.update"]}
[debug] [2022-10-27T17:48:08.309Z] >>> [apiv2][query] GET https://firebase.googleapis.com/v1beta1/projects/bizon-learning [none]
[debug] [2022-10-27T17:48:08.867Z] <<< [apiv2][status] GET https://firebase.googleapis.com/v1beta1/projects/bizon-learning 200
[debug] [2022-10-27T17:48:08.869Z] <<< [apiv2][body] GET https://firebase.googleapis.com/v1beta1/projects/bizon-learning {"projectId":"bizon-learning","projectNumber":"1000312709155","displayName":"bizon-learning","name":"projects/bizon-learning","resources":{"hostingSite":"bizon-learning"},"state":"ACTIVE","etag":"1_6ceb27bb-5bcd-4ea2-9e43-929b1a301038"}
[info] 
[info] === Deploying to 'bizon-learning'...
[info] 
[info] i  deploying hosting 
[debug] [2022-10-27T17:48:08.901Z] >>> [apiv2][query] POST https://firebasehosting.googleapis.com/v1beta1/projects/-/sites/bizon-learning/versions [none]
[debug] [2022-10-27T17:48:08.901Z] >>> [apiv2][body] POST https://firebasehosting.googleapis.com/v1beta1/projects/-/sites/bizon-learning/versions {"status":"CREATED","labels":{"deployment-tool":"cli-firebase"}}
[debug] [2022-10-27T17:48:10.860Z] <<< [apiv2][status] POST https://firebasehosting.googleapis.com/v1beta1/projects/-/sites/bizon-learning/versions 200
[debug] [2022-10-27T17:48:10.861Z] <<< [apiv2][body] POST https://firebasehosting.googleapis.com/v1beta1/projects/-/sites/bizon-learning/versions {"name":"projects/1000312709155/sites/bizon-learning/versions/12d973043bcb905e","status":"CREATED","config":{},"labels":{"deployment-tool":"cli-firebase"}}
[info] i  hosting[bizon-learning]: beginning deploy... 
[info] i  hosting[bizon-learning]: found 28 files in build 
[debug] [2022-10-27T17:48:10.925Z] [hosting] uploading with 200 concurrency
[debug] [2022-10-27T17:48:10.927Z] [hosting] hash cache [YnVpbGQ] not populated
[debug] [2022-10-27T17:48:12.610Z] [hosting] hash cache [YnVpbGQ] stored for 28 files
[debug] [2022-10-27T17:48:12.610Z] [hosting][hash queue][FINAL] {"max":1650,"min":77,"avg":173.28571428571428,"active":0,"complete":28,"success":28,"errored":0,"retried":0,"total":28,"elapsed":1675}
[debug] [2022-10-27T17:48:12.611Z] >>> [apiv2][query] POST https://firebasehosting.googleapis.com/v1beta1/projects/1000312709155/sites/bizon-learning/versions/12d973043bcb905e:populateFiles [none]
[debug] [2022-10-27T17:48:12.612Z] >>> [apiv2][body] POST https://firebasehosting.googleapis.com/v1beta1/projects/1000312709155/sites/bizon-learning/versions/12d973043bcb905e:populateFiles {"files":{"/asset-manifest.json":"503985b61b9ad72e2d80db544775e456234d735ce17f2f2a0541147c4d36728e","/index.html":"c88d0369a743914b28cd6613e01f7bd27b441b72270b51fea07208750f797e19","/manifest.json":"aff3449bdc238776f5d6d967f19ec491b36aed5fb7f23ccff6500736fd58494a","/robots.txt":"bfe106a3fb878dc83461c86818bf74fc1bdc7f28538ba613cd3e775516ce8b49","/logo192.png":"3ee59515172ee198f3be375979df15ac5345183e656720a381b8872b2a39dc8b","/favicon.ico":"5dcfefa59344169664a5eebce9ad8e248155e23255a5602a759915b85fb18e2f","/logo512.png":"ee7e2f3fdb8209c4b6fd7bef6ba50d1b9dba30a25bb5c3126df057e1cb6f5331","/user-placeholder.png":"b550e8ea83243d5d3d304cd6907c01613630a17c5cde7598128ce88572475d30","/images/logo.jpg":"5dcfefa59344169664a5eebce9ad8e248155e23255a5602a759915b85fb18e2f","/images/slider-1.jpg":"e629eb0e00fa5eb77aa00d5911a82be8559fc4215ec32d93dddde0b23cb2df4e","/images/slider-2.jpg":"01044f562bbf0a7c3e1e1587352fa66caf89187d2e5d3c7eddef582d6d965cb1","/images/slider-3.jpg":"c53bc0bdf7f9be2c4ce5e2a414e7a0c6e419dcb00b94f42d7accb50ddcba70bf","/static/js/236.fd23950e.chunk.js.LICENSE.txt":"2396ecbf0fd5cabdafa2bda8c7f34f244ecac9a8d61ff28597b2bf99a0ac20df","/static/js/703.196c452d.chunk.js":"62998e9aeca0254cc5861a02f8fb2101c3931d30be0a2d2e3aaa432e5cf8ce5e","/static/js/703.196c452d.chunk.js.LICENSE.txt":"cfbae90292fb506144e442142fcfcdb77242a5491dbc74a361cd61c3e8b608ed","/static/js/787.234a58bb.chunk.js":"2a2050195eea64902a236dde8b20858f7fb79f1cf03968fea11b8504d8cb01cd","/static/js/787.234a58bb.chunk.js.map":"ab29a72362483396a571e743540dd44d9724d870c07715bea1df725346f02578","/static/js/main.326ad8d8.js.LICENSE.txt":"ee229e8d4110f9427eab1d69165d0a0118699b009f99d6f3cdb702e204d22ade","/static/media/logo.900a12efc57c4b4ddf72.jpg":"5dcfefa59344169664a5eebce9ad8e248155e23255a5602a759915b85fb18e2f","/static/js/703.196c452d.chunk.js.map":"15e394f7c3eae7b2af79044afee09701e4338fe1c04963191d73aa81eb3f7377","/static/css/main.578227cf.css":"1d694fb224f1a3f3480553afc7911abc3b951a4a7a731e680f96f8214e653d67","/static/js/513.e1f10a5f.chunk.js":"1c89343681f39d084f60227ad4142df56af4be810b1db09696962250eb1e7c5f","/static/js/236.fd23950e.chunk.js":"5fd6e8b87aaff6f7f6fe36a5ba86c9acf63df3a2904114905717575afaa04488","/static/css/main.578227cf.css.map":"497780b75baad8936c7dbf95bbb24cbf2510d3f92668b0e7f601dff5813c2b9a","/static/js/513.e1f10a5f.chunk.js.map":"65d5303ca32f17ceda76be454928b3f98874c2191f1e4608aa0c917176426436","/static/js/236.fd23950e.chunk.js.map":"120aa06d0369dc7d997c4edcce2876b2eca4384eff5a96f93dfe34dd922e30c8","/static/js/main.326ad8d8.js":"60e5d20efbba3821465be454a0c2e95acb3ed729236e83d93435057b00a4c0a3","/static/js/main.326ad8d8.js.map":"e4d236a2d09b02d8e7c079ca27ca619d6dabe045e47434a240ba925cb1ca84b4"}}
[debug] [2022-10-27T17:48:13.762Z] <<< [apiv2][status] POST https://firebasehosting.googleapis.com/v1beta1/projects/1000312709155/sites/bizon-learning/versions/12d973043bcb905e:populateFiles 200
[debug] [2022-10-27T17:48:13.762Z] <<< [apiv2][body] POST https://firebasehosting.googleapis.com/v1beta1/projects/1000312709155/sites/bizon-learning/versions/12d973043bcb905e:populateFiles {"uploadRequiredHashes":["ee7e2f3fdb8209c4b6fd7bef6ba50d1b9dba30a25bb5c3126df057e1cb6f5331","c53bc0bdf7f9be2c4ce5e2a414e7a0c6e419dcb00b94f42d7accb50ddcba70bf","2396ecbf0fd5cabdafa2bda8c7f34f244ecac9a8d61ff28597b2bf99a0ac20df","b550e8ea83243d5d3d304cd6907c01613630a17c5cde7598128ce88572475d30","5dcfefa59344169664a5eebce9ad8e248155e23255a5602a759915b85fb18e2f","60e5d20efbba3821465be454a0c2e95acb3ed729236e83d93435057b00a4c0a3","cfbae90292fb506144e442142fcfcdb77242a5491dbc74a361cd61c3e8b608ed","2a2050195eea64902a236dde8b20858f7fb79f1cf03968fea11b8504d8cb01cd","ab29a72362483396a571e743540dd44d9724d870c07715bea1df725346f02578","c88d0369a743914b28cd6613e01f7bd27b441b72270b51fea07208750f797e19","503985b61b9ad72e2d80db544775e456234d735ce17f2f2a0541147c4d36728e","1d694fb224f1a3f3480553afc7911abc3b951a4a7a731e680f96f8214e653d67","62998e9aeca0254cc5861a02f8fb2101c3931d30be0a2d2e3aaa432e5cf8ce5e","120aa06d0369dc7d997c4edcce2876b2eca4384eff5a96f93dfe34dd922e30c8","15e394f7c3eae7b2af79044afee09701e4338fe1c04963191d73aa81eb3f7377","e4d236a2d09b02d8e7c079ca27ca619d6dabe045e47434a240ba925cb1ca84b4","aff3449bdc238776f5d6d967f19ec491b36aed5fb7f23ccff6500736fd58494a","3ee59515172ee198f3be375979df15ac5345183e656720a381b8872b2a39dc8b","bfe106a3fb878dc83461c86818bf74fc1bdc7f28538ba613cd3e775516ce8b49","5fd6e8b87aaff6f7f6fe36a5ba86c9acf63df3a2904114905717575afaa04488","65d5303ca32f17ceda76be454928b3f98874c2191f1e4608aa0c917176426436","1c89343681f39d084f60227ad4142df56af4be810b1db09696962250eb1e7c5f","497780b75baad8936c7dbf95bbb24cbf2510d3f92668b0e7f601dff5813c2b9a","e629eb0e00fa5eb77aa00d5911a82be8559fc4215ec32d93dddde0b23cb2df4e","01044f562bbf0a7c3e1e1587352fa66caf89187d2e5d3c7eddef582d6d965cb1","ee229e8d4110f9427eab1d69165d0a0118699b009f99d6f3cdb702e204d22ade"],"uploadUrl":"https://upload-firebasehosting.googleapis.com/upload/sites/bizon-learning/versions/12d973043bcb905e/files"}
[debug] [2022-10-27T17:48:13.788Z] >>> [apiv2][query] POST https://upload-firebasehosting.googleapis.com/upload/sites/bizon-learning/versions/12d973043bcb905e/files/ee7e2f3fdb8209c4b6fd7bef6ba50d1b9dba30a25bb5c3126df057e1cb6f5331 [none]
[debug] [2022-10-27T17:48:13.788Z] >>> [apiv2][body] POST https://upload-firebasehosting.googleapis.com/upload/sites/bizon-learning/versions/12d973043bcb905e/files/ee7e2f3fdb8209c4b6fd7bef6ba50d1b9dba30a25bb5c3126df057e1cb6f5331 [stream]
[debug] [2022-10-27T17:48:13.792Z] >>> [apiv2][query] POST https://upload-firebasehosting.googleapis.com/upload/sites/bizon-learning/versions/12d973043bcb905e/files/c53bc0bdf7f9be2c4ce5e2a414e7a0c6e419dcb00b94f42d7accb50ddcba70bf [none]
[debug] [2022-10-27T17:48:13.792Z] >>> [apiv2][body] POST https://upload-firebasehosting.googleapis.com/upload/sites/bizon-learning/versions/12d973043bcb905e/files/c53bc0bdf7f9be2c4ce5e2a414e7a0c6e419dcb00b94f42d7accb50ddcba70bf [stream]
[debug] [2022-10-27T17:48:13.795Z] >>> [apiv2][query] POST https://upload-firebasehosting.googleapis.com/upload/sites/bizon-learning/versions/12d973043bcb905e/files/2396ecbf0fd5cabdafa2bda8c7f34f244ecac9a8d61ff28597b2bf99a0ac20df [none]
[debug] [2022-10-27T17:48:13.796Z] >>> [apiv2][body] POST https://upload-firebasehosting.googleapis.com/upload/sites/bizon-learning/versions/12d973043bcb905e/files/2396ecbf0fd5cabdafa2bda8c7f34f244ecac9a8d61ff28597b2bf99a0ac20df [stream]
[debug] [2022-10-27T17:48:13.801Z] >>> [apiv2][query] POST https://upload-firebasehosting.googleapis.com/upload/sites/bizon-learning/versions/12d973043bcb905e/files/b550e8ea83243d5d3d304cd6907c01613630a17c5cde7598128ce88572475d30 [none]
[debug] [2022-10-27T17:48:13.801Z] >>> [apiv2][body] POST https://upload-firebasehosting.googleapis.com/upload/sites/bizon-learning/versions/12d973043bcb905e/files/b550e8ea83243d5d3d304cd6907c01613630a17c5cde7598128ce88572475d30 [stream]
[debug] [2022-10-27T17:48:13.805Z] >>> [apiv2][query] POST https://upload-firebasehosting.googleapis.com/upload/sites/bizon-learning/versions/12d973043bcb905e/files/5dcfefa59344169664a5eebce9ad8e248155e23255a5602a759915b85fb18e2f [none]
[debug] [2022-10-27T17:48:13.806Z] >>> [apiv2][body] POST https://upload-firebasehosting.googleapis.com/upload/sites/bizon-learning/versions/12d973043bcb905e/files/5dcfefa59344169664a5eebce9ad8e248155e23255a5602a759915b85fb18e2f [stream]
[debug] [2022-10-27T17:48:13.809Z] >>> [apiv2][query] POST https://upload-firebasehosting.googleapis.com/upload/sites/bizon-learning/versions/12d973043bcb905e/files/60e5d20efbba3821465be454a0c2e95acb3ed729236e83d93435057b00a4c0a3 [none]
[debug] [2022-10-27T17:48:13.809Z] >>> [apiv2][body] POST https://upload-firebasehosting.googleapis.com/upload/sites/bizon-learning/versions/12d973043bcb905e/files/60e5d20efbba3821465be454a0c2e95acb3ed729236e83d93435057b00a4c0a3 [stream]
[debug] [2022-10-27T17:48:13.812Z] >>> [apiv2][query] POST https://upload-firebasehosting.googleapis.com/upload/sites/bizon-learning/versions/12d973043bcb905e/files/cfbae90292fb506144e442142fcfcdb77242a5491dbc74a361cd61c3e8b608ed [none]
[debug] [2022-10-27T17:48:13.812Z] >>> [apiv2][body] POST https://upload-firebasehosting.googleapis.com/upload/sites/bizon-learning/versions/12d973043bcb905e/files/cfbae90292fb506144e442142fcfcdb77242a5491dbc74a361cd61c3e8b608ed [stream]
[debug] [2022-10-27T17:48:13.820Z] >>> [apiv2][query] POST https://upload-firebasehosting.googleapis.com/upload/sites/bizon-learning/versions/12d973043bcb905e/files/2a2050195eea64902a236dde8b20858f7fb79f1cf03968fea11b8504d8cb01cd [none]
[debug] [2022-10-27T17:48:13.820Z] >>> [apiv2][body] POST https://upload-firebasehosting.googleapis.com/upload/sites/bizon-learning/versions/12d973043bcb905e/files/2a2050195eea64902a236dde8b20858f7fb79f1cf03968fea11b8504d8cb01cd [stream]
[debug] [2022-10-27T17:48:13.823Z] >>> [apiv2][query] POST https://upload-firebasehosting.googleapis.com/upload/sites/bizon-learning/versions/12d973043bcb905e/files/ab29a72362483396a571e743540dd44d9724d870c07715bea1df725346f02578 [none]
[debug] [2022-10-27T17:48:13.824Z] >>> [apiv2][body] POST https://upload-firebasehosting.googleapis.com/upload/sites/bizon-learning/versions/12d973043bcb905e/files/ab29a72362483396a571e743540dd44d9724d870c07715bea1df725346f02578 [stream]
[debug] [2022-10-27T17:48:13.827Z] >>> [apiv2][query] POST https://upload-firebasehosting.googleapis.com/upload/sites/bizon-learning/versions/12d973043bcb905e/files/c88d0369a743914b28cd6613e01f7bd27b441b72270b51fea07208750f797e19 [none]
[debug] [2022-10-27T17:48:13.827Z] >>> [apiv2][body] POST https://upload-firebasehosting.googleapis.com/upload/sites/bizon-learning/versions/12d973043bcb905e/files/c88d0369a743914b28cd6613e01f7bd27b441b72270b51fea07208750f797e19 [stream]
[debug] [2022-10-27T17:48:13.830Z] >>> [apiv2][query] POST https://upload-firebasehosting.googleapis.com/upload/sites/bizon-learning/versions/12d973043bcb905e/files/503985b61b9ad72e2d80db544775e456234d735ce17f2f2a0541147c4d36728e [none]
[debug] [2022-10-27T17:48:13.830Z] >>> [apiv2][body] POST https://upload-firebasehosting.googleapis.com/upload/sites/bizon-learning/versions/12d973043bcb905e/files/503985b61b9ad72e2d80db544775e456234d735ce17f2f2a0541147c4d36728e [stream]
[debug] [2022-10-27T17:48:13.839Z] >>> [apiv2][query] POST https://upload-firebasehosting.googleapis.com/upload/sites/bizon-learning/versions/12d973043bcb905e/files/1d694fb224f1a3f3480553afc7911abc3b951a4a7a731e680f96f8214e653d67 [none]
[debug] [2022-10-27T17:48:13.840Z] >>> [apiv2][body] POST https://upload-firebasehosting.googleapis.com/upload/sites/bizon-learning/versions/12d973043bcb905e/files/1d694fb224f1a3f3480553afc7911abc3b951a4a7a731e680f96f8214e653d67 [stream]
[debug] [2022-10-27T17:48:13.844Z] >>> [apiv2][query] POST https://upload-firebasehosting.googleapis.com/upload/sites/bizon-learning/versions/12d973043bcb905e/files/62998e9aeca0254cc5861a02f8fb2101c3931d30be0a2d2e3aaa432e5cf8ce5e [none]
[debug] [2022-10-27T17:48:13.844Z] >>> [apiv2][body] POST https://upload-firebasehosting.googleapis.com/upload/sites/bizon-learning/versions/12d973043bcb905e/files/62998e9aeca0254cc5861a02f8fb2101c3931d30be0a2d2e3aaa432e5cf8ce5e [stream]
[debug] [2022-10-27T17:48:13.850Z] >>> [apiv2][query] POST https://upload-firebasehosting.googleapis.com/upload/sites/bizon-learning/versions/12d973043bcb905e/files/120aa06d0369dc7d997c4edcce2876b2eca4384eff5a96f93dfe34dd922e30c8 [none]
[debug] [2022-10-27T17:48:13.850Z] >>> [apiv2][body] POST https://upload-firebasehosting.googleapis.com/upload/sites/bizon-learning/versions/12d973043bcb905e/files/120aa06d0369dc7d997c4edcce2876b2eca4384eff5a96f93dfe34dd922e30c8 [stream]
[debug] [2022-10-27T17:48:13.854Z] >>> [apiv2][query] POST https://upload-firebasehosting.googleapis.com/upload/sites/bizon-learning/versions/12d973043bcb905e/files/15e394f7c3eae7b2af79044afee09701e4338fe1c04963191d73aa81eb3f7377 [none]
[debug] [2022-10-27T17:48:13.854Z] >>> [apiv2][body] POST https://upload-firebasehosting.googleapis.com/upload/sites/bizon-learning/versions/12d973043bcb905e/files/15e394f7c3eae7b2af79044afee09701e4338fe1c04963191d73aa81eb3f7377 [stream]
[debug] [2022-10-27T17:48:13.867Z] >>> [apiv2][query] POST https://upload-firebasehosting.googleapis.com/upload/sites/bizon-learning/versions/12d973043bcb905e/files/e4d236a2d09b02d8e7c079ca27ca619d6dabe045e47434a240ba925cb1ca84b4 [none]
[debug] [2022-10-27T17:48:13.867Z] >>> [apiv2][body] POST https://upload-firebasehosting.googleapis.com/upload/sites/bizon-learning/versions/12d973043bcb905e/files/e4d236a2d09b02d8e7c079ca27ca619d6dabe045e47434a240ba925cb1ca84b4 [stream]
[debug] [2022-10-27T17:48:13.869Z] >>> [apiv2][query] POST https://upload-firebasehosting.googleapis.com/upload/sites/bizon-learning/versions/12d973043bcb905e/files/aff3449bdc238776f5d6d967f19ec491b36aed5fb7f23ccff6500736fd58494a [none]
[debug] [2022-10-27T17:48:13.870Z] >>> [apiv2][body] POST https://upload-firebasehosting.googleapis.com/upload/sites/bizon-learning/versions/12d973043bcb905e/files/aff3449bdc238776f5d6d967f19ec491b36aed5fb7f23ccff6500736fd58494a [stream]
[debug] [2022-10-27T17:48:13.872Z] >>> [apiv2][query] POST https://upload-firebasehosting.googleapis.com/upload/sites/bizon-learning/versions/12d973043bcb905e/files/3ee59515172ee198f3be375979df15ac5345183e656720a381b8872b2a39dc8b [none]
[debug] [2022-10-27T17:48:13.873Z] >>> [apiv2][body] POST https://upload-firebasehosting.googleapis.com/upload/sites/bizon-learning/versions/12d973043bcb905e/files/3ee59515172ee198f3be375979df15ac5345183e656720a381b8872b2a39dc8b [stream]
[debug] [2022-10-27T17:48:13.876Z] >>> [apiv2][query] POST https://upload-firebasehosting.googleapis.com/upload/sites/bizon-learning/versions/12d973043bcb905e/files/bfe106a3fb878dc83461c86818bf74fc1bdc7f28538ba613cd3e775516ce8b49 [none]
[debug] [2022-10-27T17:48:13.876Z] >>> [apiv2][body] POST https://upload-firebasehosting.googleapis.com/upload/sites/bizon-learning/versions/12d973043bcb905e/files/bfe106a3fb878dc83461c86818bf74fc1bdc7f28538ba613cd3e775516ce8b49 [stream]
[debug] [2022-10-27T17:48:13.880Z] >>> [apiv2][query] POST https://upload-firebasehosting.googleapis.com/upload/sites/bizon-learning/versions/12d973043bcb905e/files/5fd6e8b87aaff6f7f6fe36a5ba86c9acf63df3a2904114905717575afaa04488 [none]
[debug] [2022-10-27T17:48:13.880Z] >>> [apiv2][body] POST https://upload-firebasehosting.googleapis.com/upload/sites/bizon-learning/versions/12d973043bcb905e/files/5fd6e8b87aaff6f7f6fe36a5ba86c9acf63df3a2904114905717575afaa04488 [stream]
[debug] [2022-10-27T17:48:13.886Z] >>> [apiv2][query] POST https://upload-firebasehosting.googleapis.com/upload/sites/bizon-learning/versions/12d973043bcb905e/files/65d5303ca32f17ceda76be454928b3f98874c2191f1e4608aa0c917176426436 [none]
[debug] [2022-10-27T17:48:13.886Z] >>> [apiv2][body] POST https://upload-firebasehosting.googleapis.com/upload/sites/bizon-learning/versions/12d973043bcb905e/files/65d5303ca32f17ceda76be454928b3f98874c2191f1e4608aa0c917176426436 [stream]
[debug] [2022-10-27T17:48:13.888Z] >>> [apiv2][query] POST https://upload-firebasehosting.googleapis.com/upload/sites/bizon-learning/versions/12d973043bcb905e/files/1c89343681f39d084f60227ad4142df56af4be810b1db09696962250eb1e7c5f [none]
[debug] [2022-10-27T17:48:13.888Z] >>> [apiv2][body] POST https://upload-firebasehosting.googleapis.com/upload/sites/bizon-learning/versions/12d973043bcb905e/files/1c89343681f39d084f60227ad4142df56af4be810b1db09696962250eb1e7c5f [stream]
[debug] [2022-10-27T17:48:13.890Z] >>> [apiv2][query] POST https://upload-firebasehosting.googleapis.com/upload/sites/bizon-learning/versions/12d973043bcb905e/files/497780b75baad8936c7dbf95bbb24cbf2510d3f92668b0e7f601dff5813c2b9a [none]
[debug] [2022-10-27T17:48:13.891Z] >>> [apiv2][body] POST https://upload-firebasehosting.googleapis.com/upload/sites/bizon-learning/versions/12d973043bcb905e/files/497780b75baad8936c7dbf95bbb24cbf2510d3f92668b0e7f601dff5813c2b9a [stream]
[debug] [2022-10-27T17:48:13.893Z] >>> [apiv2][query] POST https://upload-firebasehosting.googleapis.com/upload/sites/bizon-learning/versions/12d973043bcb905e/files/e629eb0e00fa5eb77aa00d5911a82be8559fc4215ec32d93dddde0b23cb2df4e [none]
[debug] [2022-10-27T17:48:13.893Z] >>> [apiv2][body] POST https://upload-firebasehosting.googleapis.com/upload/sites/bizon-learning/versions/12d973043bcb905e/files/e629eb0e00fa5eb77aa00d5911a82be8559fc4215ec32d93dddde0b23cb2df4e [stream]
[debug] [2022-10-27T17:48:13.896Z] >>> [apiv2][query] POST https://upload-firebasehosting.googleapis.com/upload/sites/bizon-learning/versions/12d973043bcb905e/files/01044f562bbf0a7c3e1e1587352fa66caf89187d2e5d3c7eddef582d6d965cb1 [none]
[debug] [2022-10-27T17:48:13.896Z] >>> [apiv2][body] POST https://upload-firebasehosting.googleapis.com/upload/sites/bizon-learning/versions/12d973043bcb905e/files/01044f562bbf0a7c3e1e1587352fa66caf89187d2e5d3c7eddef582d6d965cb1 [stream]
[debug] [2022-10-27T17:48:13.899Z] >>> [apiv2][query] POST https://upload-firebasehosting.googleapis.com/upload/sites/bizon-learning/versions/12d973043bcb905e/files/ee229e8d4110f9427eab1d69165d0a0118699b009f99d6f3cdb702e204d22ade [none]
[debug] [2022-10-27T17:48:13.899Z] >>> [apiv2][body] POST https://upload-firebasehosting.googleapis.com/upload/sites/bizon-learning/versions/12d973043bcb905e/files/ee229e8d4110f9427eab1d69165d0a0118699b009f99d6f3cdb702e204d22ade [stream]
[debug] [2022-10-27T17:48:13.902Z] [hosting][populate queue][FINAL] {"max":1181,"min":1181,"avg":1181,"active":0,"complete":1,"success":1,"errored":0,"retried":0,"total":1,"elapsed":1296}
[debug] [2022-10-27T17:48:13.903Z] [hosting] uploads queued: 26
[debug] [2022-10-27T17:48:15.419Z] <<< [apiv2][status] POST https://upload-firebasehosting.googleapis.com/upload/sites/bizon-learning/versions/12d973043bcb905e/files/ee7e2f3fdb8209c4b6fd7bef6ba50d1b9dba30a25bb5c3126df057e1cb6f5331 200
[debug] [2022-10-27T17:48:15.419Z] <<< [apiv2][body] POST https://upload-firebasehosting.googleapis.com/upload/sites/bizon-learning/versions/12d973043bcb905e/files/ee7e2f3fdb8209c4b6fd7bef6ba50d1b9dba30a25bb5c3126df057e1cb6f5331 [stream]
[debug] [2022-10-27T17:48:15.430Z] <<< [apiv2][status] POST https://upload-firebasehosting.googleapis.com/upload/sites/bizon-learning/versions/12d973043bcb905e/files/cfbae90292fb506144e442142fcfcdb77242a5491dbc74a361cd61c3e8b608ed 200
[debug] [2022-10-27T17:48:15.430Z] <<< [apiv2][body] POST https://upload-firebasehosting.googleapis.com/upload/sites/bizon-learning/versions/12d973043bcb905e/files/cfbae90292fb506144e442142fcfcdb77242a5491dbc74a361cd61c3e8b608ed [stream]
[debug] [2022-10-27T17:48:15.601Z] <<< [apiv2][status] POST https://upload-firebasehosting.googleapis.com/upload/sites/bizon-learning/versions/12d973043bcb905e/files/5dcfefa59344169664a5eebce9ad8e248155e23255a5602a759915b85fb18e2f 200
[debug] [2022-10-27T17:48:15.601Z] <<< [apiv2][body] POST https://upload-firebasehosting.googleapis.com/upload/sites/bizon-learning/versions/12d973043bcb905e/files/5dcfefa59344169664a5eebce9ad8e248155e23255a5602a759915b85fb18e2f [stream]
[debug] [2022-10-27T17:48:15.685Z] <<< [apiv2][status] POST https://upload-firebasehosting.googleapis.com/upload/sites/bizon-learning/versions/12d973043bcb905e/files/c88d0369a743914b28cd6613e01f7bd27b441b72270b51fea07208750f797e19 200
[debug] [2022-10-27T17:48:15.685Z] <<< [apiv2][body] POST https://upload-firebasehosting.googleapis.com/upload/sites/bizon-learning/versions/12d973043bcb905e/files/c88d0369a743914b28cd6613e01f7bd27b441b72270b51fea07208750f797e19 [stream]
[debug] [2022-10-27T17:48:15.805Z] <<< [apiv2][status] POST https://upload-firebasehosting.googleapis.com/upload/sites/bizon-learning/versions/12d973043bcb905e/files/01044f562bbf0a7c3e1e1587352fa66caf89187d2e5d3c7eddef582d6d965cb1 200
[debug] [2022-10-27T17:48:15.805Z] <<< [apiv2][body] POST https://upload-firebasehosting.googleapis.com/upload/sites/bizon-learning/versions/12d973043bcb905e/files/01044f562bbf0a7c3e1e1587352fa66caf89187d2e5d3c7eddef582d6d965cb1 [stream]
[debug] [2022-10-27T17:48:15.808Z] <<< [apiv2][status] POST https://upload-firebasehosting.googleapis.com/upload/sites/bizon-learning/versions/12d973043bcb905e/files/15e394f7c3eae7b2af79044afee09701e4338fe1c04963191d73aa81eb3f7377 200
[debug] [2022-10-27T17:48:15.808Z] <<< [apiv2][body] POST https://upload-firebasehosting.googleapis.com/upload/sites/bizon-learning/versions/12d973043bcb905e/files/15e394f7c3eae7b2af79044afee09701e4338fe1c04963191d73aa81eb3f7377 [stream]
[debug] [2022-10-27T17:48:15.864Z] <<< [apiv2][status] POST https://upload-firebasehosting.googleapis.com/upload/sites/bizon-learning/versions/12d973043bcb905e/files/65d5303ca32f17ceda76be454928b3f98874c2191f1e4608aa0c917176426436 200
[debug] [2022-10-27T17:48:15.864Z] <<< [apiv2][body] POST https://upload-firebasehosting.googleapis.com/upload/sites/bizon-learning/versions/12d973043bcb905e/files/65d5303ca32f17ceda76be454928b3f98874c2191f1e4608aa0c917176426436 [stream]
[debug] [2022-10-27T17:48:16.081Z] <<< [apiv2][status] POST https://upload-firebasehosting.googleapis.com/upload/sites/bizon-learning/versions/12d973043bcb905e/files/1c89343681f39d084f60227ad4142df56af4be810b1db09696962250eb1e7c5f 200
[debug] [2022-10-27T17:48:16.081Z] <<< [apiv2][body] POST https://upload-firebasehosting.googleapis.com/upload/sites/bizon-learning/versions/12d973043bcb905e/files/1c89343681f39d084f60227ad4142df56af4be810b1db09696962250eb1e7c5f [stream]
[debug] [2022-10-27T17:48:16.100Z] <<< [apiv2][status] POST https://upload-firebasehosting.googleapis.com/upload/sites/bizon-learning/versions/12d973043bcb905e/files/3ee59515172ee198f3be375979df15ac5345183e656720a381b8872b2a39dc8b 200
[debug] [2022-10-27T17:48:16.100Z] <<< [apiv2][body] POST https://upload-firebasehosting.googleapis.com/upload/sites/bizon-learning/versions/12d973043bcb905e/files/3ee59515172ee198f3be375979df15ac5345183e656720a381b8872b2a39dc8b [stream]
[debug] [2022-10-27T17:48:16.105Z] <<< [apiv2][status] POST https://upload-firebasehosting.googleapis.com/upload/sites/bizon-learning/versions/12d973043bcb905e/files/497780b75baad8936c7dbf95bbb24cbf2510d3f92668b0e7f601dff5813c2b9a 200
[debug] [2022-10-27T17:48:16.106Z] <<< [apiv2][body] POST https://upload-firebasehosting.googleapis.com/upload/sites/bizon-learning/versions/12d973043bcb905e/files/497780b75baad8936c7dbf95bbb24cbf2510d3f92668b0e7f601dff5813c2b9a [stream]
[debug] [2022-10-27T17:48:16.124Z] <<< [apiv2][status] POST https://upload-firebasehosting.googleapis.com/upload/sites/bizon-learning/versions/12d973043bcb905e/files/e629eb0e00fa5eb77aa00d5911a82be8559fc4215ec32d93dddde0b23cb2df4e 200
[debug] [2022-10-27T17:48:16.124Z] <<< [apiv2][body] POST https://upload-firebasehosting.googleapis.com/upload/sites/bizon-learning/versions/12d973043bcb905e/files/e629eb0e00fa5eb77aa00d5911a82be8559fc4215ec32d93dddde0b23cb2df4e [stream]
[debug] [2022-10-27T17:48:16.154Z] <<< [apiv2][status] POST https://upload-firebasehosting.googleapis.com/upload/sites/bizon-learning/versions/12d973043bcb905e/files/b550e8ea83243d5d3d304cd6907c01613630a17c5cde7598128ce88572475d30 200
[debug] [2022-10-27T17:48:16.154Z] <<< [apiv2][body] POST https://upload-firebasehosting.googleapis.com/upload/sites/bizon-learning/versions/12d973043bcb905e/files/b550e8ea83243d5d3d304cd6907c01613630a17c5cde7598128ce88572475d30 [stream]
[debug] [2022-10-27T17:48:16.158Z] <<< [apiv2][status] POST https://upload-firebasehosting.googleapis.com/upload/sites/bizon-learning/versions/12d973043bcb905e/files/aff3449bdc238776f5d6d967f19ec491b36aed5fb7f23ccff6500736fd58494a 200
[debug] [2022-10-27T17:48:16.158Z] <<< [apiv2][body] POST https://upload-firebasehosting.googleapis.com/upload/sites/bizon-learning/versions/12d973043bcb905e/files/aff3449bdc238776f5d6d967f19ec491b36aed5fb7f23ccff6500736fd58494a [stream]
[debug] [2022-10-27T17:48:16.221Z] <<< [apiv2][status] POST https://upload-firebasehosting.googleapis.com/upload/sites/bizon-learning/versions/12d973043bcb905e/files/503985b61b9ad72e2d80db544775e456234d735ce17f2f2a0541147c4d36728e 200
[debug] [2022-10-27T17:48:16.221Z] <<< [apiv2][body] POST https://upload-firebasehosting.googleapis.com/upload/sites/bizon-learning/versions/12d973043bcb905e/files/503985b61b9ad72e2d80db544775e456234d735ce17f2f2a0541147c4d36728e [stream]
[debug] [2022-10-27T17:48:16.311Z] <<< [apiv2][status] POST https://upload-firebasehosting.googleapis.com/upload/sites/bizon-learning/versions/12d973043bcb905e/files/c53bc0bdf7f9be2c4ce5e2a414e7a0c6e419dcb00b94f42d7accb50ddcba70bf 200
[debug] [2022-10-27T17:48:16.312Z] <<< [apiv2][body] POST https://upload-firebasehosting.googleapis.com/upload/sites/bizon-learning/versions/12d973043bcb905e/files/c53bc0bdf7f9be2c4ce5e2a414e7a0c6e419dcb00b94f42d7accb50ddcba70bf [stream]
[debug] [2022-10-27T17:48:16.358Z] <<< [apiv2][status] POST https://upload-firebasehosting.googleapis.com/upload/sites/bizon-learning/versions/12d973043bcb905e/files/62998e9aeca0254cc5861a02f8fb2101c3931d30be0a2d2e3aaa432e5cf8ce5e 200
[debug] [2022-10-27T17:48:16.358Z] <<< [apiv2][body] POST https://upload-firebasehosting.googleapis.com/upload/sites/bizon-learning/versions/12d973043bcb905e/files/62998e9aeca0254cc5861a02f8fb2101c3931d30be0a2d2e3aaa432e5cf8ce5e [stream]
[debug] [2022-10-27T17:48:16.401Z] <<< [apiv2][status] POST https://upload-firebasehosting.googleapis.com/upload/sites/bizon-learning/versions/12d973043bcb905e/files/ab29a72362483396a571e743540dd44d9724d870c07715bea1df725346f02578 200
[debug] [2022-10-27T17:48:16.401Z] <<< [apiv2][body] POST https://upload-firebasehosting.googleapis.com/upload/sites/bizon-learning/versions/12d973043bcb905e/files/ab29a72362483396a571e743540dd44d9724d870c07715bea1df725346f02578 [stream]
[debug] [2022-10-27T17:48:16.412Z] <<< [apiv2][status] POST https://upload-firebasehosting.googleapis.com/upload/sites/bizon-learning/versions/12d973043bcb905e/files/2a2050195eea64902a236dde8b20858f7fb79f1cf03968fea11b8504d8cb01cd 200
[debug] [2022-10-27T17:48:16.412Z] <<< [apiv2][body] POST https://upload-firebasehosting.googleapis.com/upload/sites/bizon-learning/versions/12d973043bcb905e/files/2a2050195eea64902a236dde8b20858f7fb79f1cf03968fea11b8504d8cb01cd [stream]
[debug] [2022-10-27T17:48:16.817Z] <<< [apiv2][status] POST https://upload-firebasehosting.googleapis.com/upload/sites/bizon-learning/versions/12d973043bcb905e/files/ee229e8d4110f9427eab1d69165d0a0118699b009f99d6f3cdb702e204d22ade 200
[debug] [2022-10-27T17:48:16.817Z] <<< [apiv2][body] POST https://upload-firebasehosting.googleapis.com/upload/sites/bizon-learning/versions/12d973043bcb905e/files/ee229e8d4110f9427eab1d69165d0a0118699b009f99d6f3cdb702e204d22ade [stream]
[debug] [2022-10-27T17:48:16.884Z] <<< [apiv2][status] POST https://upload-firebasehosting.googleapis.com/upload/sites/bizon-learning/versions/12d973043bcb905e/files/bfe106a3fb878dc83461c86818bf74fc1bdc7f28538ba613cd3e775516ce8b49 200
[debug] [2022-10-27T17:48:16.884Z] <<< [apiv2][body] POST https://upload-firebasehosting.googleapis.com/upload/sites/bizon-learning/versions/12d973043bcb905e/files/bfe106a3fb878dc83461c86818bf74fc1bdc7f28538ba613cd3e775516ce8b49 [stream]
[debug] [2022-10-27T17:48:17.163Z] <<< [apiv2][status] POST https://upload-firebasehosting.googleapis.com/upload/sites/bizon-learning/versions/12d973043bcb905e/files/5fd6e8b87aaff6f7f6fe36a5ba86c9acf63df3a2904114905717575afaa04488 200
[debug] [2022-10-27T17:48:17.163Z] <<< [apiv2][body] POST https://upload-firebasehosting.googleapis.com/upload/sites/bizon-learning/versions/12d973043bcb905e/files/5fd6e8b87aaff6f7f6fe36a5ba86c9acf63df3a2904114905717575afaa04488 [stream]
[debug] [2022-10-27T17:48:17.261Z] <<< [apiv2][status] POST https://upload-firebasehosting.googleapis.com/upload/sites/bizon-learning/versions/12d973043bcb905e/files/120aa06d0369dc7d997c4edcce2876b2eca4384eff5a96f93dfe34dd922e30c8 200
[debug] [2022-10-27T17:48:17.261Z] <<< [apiv2][body] POST https://upload-firebasehosting.googleapis.com/upload/sites/bizon-learning/versions/12d973043bcb905e/files/120aa06d0369dc7d997c4edcce2876b2eca4384eff5a96f93dfe34dd922e30c8 [stream]
[debug] [2022-10-27T17:48:17.725Z] <<< [apiv2][status] POST https://upload-firebasehosting.googleapis.com/upload/sites/bizon-learning/versions/12d973043bcb905e/files/e4d236a2d09b02d8e7c079ca27ca619d6dabe045e47434a240ba925cb1ca84b4 200
[debug] [2022-10-27T17:48:17.725Z] <<< [apiv2][body] POST https://upload-firebasehosting.googleapis.com/upload/sites/bizon-learning/versions/12d973043bcb905e/files/e4d236a2d09b02d8e7c079ca27ca619d6dabe045e47434a240ba925cb1ca84b4 [stream]
[debug] [2022-10-27T17:48:35.365Z] [uploadQueue] Retrying task 2396ecbf0fd5cabdafa2bda8c7f34f244ecac9a8d61ff28597b2bf99a0ac20df
[debug] [2022-10-27T17:48:35.366Z] >>> [apiv2][query] POST https://upload-firebasehosting.googleapis.com/upload/sites/bizon-learning/versions/12d973043bcb905e/files/2396ecbf0fd5cabdafa2bda8c7f34f244ecac9a8d61ff28597b2bf99a0ac20df [none]
[debug] [2022-10-27T17:48:35.367Z] >>> [apiv2][body] POST https://upload-firebasehosting.googleapis.com/upload/sites/bizon-learning/versions/12d973043bcb905e/files/2396ecbf0fd5cabdafa2bda8c7f34f244ecac9a8d61ff28597b2bf99a0ac20df [stream]
[debug] [2022-10-27T17:48:35.368Z] [uploadQueue] Retrying task 60e5d20efbba3821465be454a0c2e95acb3ed729236e83d93435057b00a4c0a3
[debug] [2022-10-27T17:48:35.369Z] >>> [apiv2][query] POST https://upload-firebasehosting.googleapis.com/upload/sites/bizon-learning/versions/12d973043bcb905e/files/60e5d20efbba3821465be454a0c2e95acb3ed729236e83d93435057b00a4c0a3 [none]
[debug] [2022-10-27T17:48:35.369Z] >>> [apiv2][body] POST https://upload-firebasehosting.googleapis.com/upload/sites/bizon-learning/versions/12d973043bcb905e/files/60e5d20efbba3821465be454a0c2e95acb3ed729236e83d93435057b00a4c0a3 [stream]
[debug] [2022-10-27T17:48:35.396Z] [uploadQueue] Retrying task 1d694fb224f1a3f3480553afc7911abc3b951a4a7a731e680f96f8214e653d67
[debug] [2022-10-27T17:48:35.397Z] >>> [apiv2][query] POST https://upload-firebasehosting.googleapis.com/upload/sites/bizon-learning/versions/12d973043bcb905e/files/1d694fb224f1a3f3480553afc7911abc3b951a4a7a731e680f96f8214e653d67 [none]
[debug] [2022-10-27T17:48:35.397Z] >>> [apiv2][body] POST https://upload-firebasehosting.googleapis.com/upload/sites/bizon-learning/versions/12d973043bcb905e/files/1d694fb224f1a3f3480553afc7911abc3b951a4a7a731e680f96f8214e653d67 [stream]
[debug] [2022-10-27T17:48:37.014Z] <<< [apiv2][status] POST https://upload-firebasehosting.googleapis.com/upload/sites/bizon-learning/versions/12d973043bcb905e/files/1d694fb224f1a3f3480553afc7911abc3b951a4a7a731e680f96f8214e653d67 200
[debug] [2022-10-27T17:48:37.014Z] <<< [apiv2][body] POST https://upload-firebasehosting.googleapis.com/upload/sites/bizon-learning/versions/12d973043bcb905e/files/1d694fb224f1a3f3480553afc7911abc3b951a4a7a731e680f96f8214e653d67 [stream]
[debug] [2022-10-27T17:48:38.757Z] <<< [apiv2][status] POST https://upload-firebasehosting.googleapis.com/upload/sites/bizon-learning/versions/12d973043bcb905e/files/60e5d20efbba3821465be454a0c2e95acb3ed729236e83d93435057b00a4c0a3 200
[debug] [2022-10-27T17:48:38.757Z] <<< [apiv2][body] POST https://upload-firebasehosting.googleapis.com/upload/sites/bizon-learning/versions/12d973043bcb905e/files/60e5d20efbba3821465be454a0c2e95acb3ed729236e83d93435057b00a4c0a3 [stream]
[debug] [2022-10-27T17:48:57.242Z] [uploadQueue] Retrying task 2396ecbf0fd5cabdafa2bda8c7f34f244ecac9a8d61ff28597b2bf99a0ac20df
[debug] [2022-10-27T17:48:57.244Z] >>> [apiv2][query] POST https://upload-firebasehosting.googleapis.com/upload/sites/bizon-learning/versions/12d973043bcb905e/files/2396ecbf0fd5cabdafa2bda8c7f34f244ecac9a8d61ff28597b2bf99a0ac20df [none]
[debug] [2022-10-27T17:48:57.244Z] >>> [apiv2][body] POST https://upload-firebasehosting.googleapis.com/upload/sites/bizon-learning/versions/12d973043bcb905e/files/2396ecbf0fd5cabdafa2bda8c7f34f244ecac9a8d61ff28597b2bf99a0ac20df [stream]
[debug] [2022-10-27T17:49:19.891Z] [uploadQueue] Retrying task 2396ecbf0fd5cabdafa2bda8c7f34f244ecac9a8d61ff28597b2bf99a0ac20df
[debug] [2022-10-27T17:49:19.892Z] >>> [apiv2][query] POST https://upload-firebasehosting.googleapis.com/upload/sites/bizon-learning/versions/12d973043bcb905e/files/2396ecbf0fd5cabdafa2bda8c7f34f244ecac9a8d61ff28597b2bf99a0ac20df [none]
[debug] [2022-10-27T17:49:19.892Z] >>> [apiv2][body] POST https://upload-firebasehosting.googleapis.com/upload/sites/bizon-learning/versions/12d973043bcb905e/files/2396ecbf0fd5cabdafa2bda8c7f34f244ecac9a8d61ff28597b2bf99a0ac20df [stream]
[debug] [2022-10-27T17:49:44.135Z] [uploadQueue] Retrying task 2396ecbf0fd5cabdafa2bda8c7f34f244ecac9a8d61ff28597b2bf99a0ac20df
[debug] [2022-10-27T17:49:44.135Z] >>> [apiv2][query] POST https://upload-firebasehosting.googleapis.com/upload/sites/bizon-learning/versions/12d973043bcb905e/files/2396ecbf0fd5cabdafa2bda8c7f34f244ecac9a8d61ff28597b2bf99a0ac20df [none]
[debug] [2022-10-27T17:49:44.136Z] >>> [apiv2][body] POST https://upload-firebasehosting.googleapis.com/upload/sites/bizon-learning/versions/12d973043bcb905e/files/2396ecbf0fd5cabdafa2bda8c7f34f244ecac9a8d61ff28597b2bf99a0ac20df [stream]
[debug] [2022-10-27T17:49:45.505Z] <<< [apiv2][status] POST https://upload-firebasehosting.googleapis.com/upload/sites/bizon-learning/versions/12d973043bcb905e/files/2396ecbf0fd5cabdafa2bda8c7f34f244ecac9a8d61ff28597b2bf99a0ac20df 200
[debug] [2022-10-27T17:49:45.505Z] <<< [apiv2][body] POST https://upload-firebasehosting.googleapis.com/upload/sites/bizon-learning/versions/12d973043bcb905e/files/2396ecbf0fd5cabdafa2bda8c7f34f244ecac9a8d61ff28597b2bf99a0ac20df [stream]
[debug] [2022-10-27T17:49:45.505Z] [hosting][upload queue][FINAL] {"max":3942,"min":1370,"avg":2436.230769230769,"active":0,"complete":26,"success":26,"errored":0,"retried":6,"total":26,"elapsed":91742}
[info] +  hosting[bizon-learning]: file upload complete 
[debug] [2022-10-27T17:49:45.509Z] [hosting] deploy completed after 94637ms
[debug] [2022-10-27T17:49:45.516Z] [
  {
    "config": {
      "public": "build",
      "ignore": [
        "firebase.json",
        "**/.*",
        "**/node_modules/**"
      ],
      "rewrites": [
        {
          "source": "**",
          "destination": "/index.html"
        }
      ],
      "site": "bizon-learning"
    },
    "version": "projects/1000312709155/sites/bizon-learning/versions/12d973043bcb905e"
  }
]
[info] i  hosting[bizon-learning]: finalizing version... 
[debug] [2022-10-27T17:49:45.525Z] >>> [apiv2][query] PATCH https://firebasehosting.googleapis.com/v1beta1/projects/-/sites/bizon-learning/versions/12d973043bcb905e updateMask=status%2Cconfig
[debug] [2022-10-27T17:49:45.525Z] >>> [apiv2][body] PATCH https://firebasehosting.googleapis.com/v1beta1/projects/-/sites/bizon-learning/versions/12d973043bcb905e {"status":"FINALIZED","config":{"rewrites":[{"glob":"**","path":"/index.html"}]}}
[debug] [2022-10-27T17:49:46.758Z] <<< [apiv2][status] PATCH https://firebasehosting.googleapis.com/v1beta1/projects/-/sites/bizon-learning/versions/12d973043bcb905e 200
[debug] [2022-10-27T17:49:46.759Z] <<< [apiv2][body] PATCH https://firebasehosting.googleapis.com/v1beta1/projects/-/sites/bizon-learning/versions/12d973043bcb905e {"name":"projects/1000312709155/sites/bizon-learning/versions/12d973043bcb905e","status":"FINALIZED","config":{"rewrites":[{"glob":"**","path":"/index.html"}]},"labels":{"deployment-tool":"cli-firebase"},"createTime":"2022-10-27T17:48:10.179462Z","createUser":{"email":"shamim00.optimistic11@gmail.com"},"finalizeTime":"2022-10-27T17:49:46.936736Z","finalizeUser":{"email":"shamim00.optimistic11@gmail.com"}}
[debug] [2022-10-27T17:49:46.759Z] [hosting] finalized version for bizon-learning:[object Object]
[info] +  hosting[bizon-learning]: version finalized 
[info] i  hosting[bizon-learning]: releasing new version... 
[debug] [2022-10-27T17:49:46.760Z] >>> [apiv2][query] POST https://firebasehosting.googleapis.com/v1beta1/projects/-/sites/bizon-learning/channels/live/releases versionName=projects%2F1000312709155%2Fsites%2Fbizon-learning%2Fversions%2F12d973043bcb905e
[debug] [2022-10-27T17:49:46.760Z] >>> [apiv2][body] POST https://firebasehosting.googleapis.com/v1beta1/projects/-/sites/bizon-learning/channels/live/releases {}
[debug] [2022-10-27T17:49:47.888Z] <<< [apiv2][status] POST https://firebasehosting.googleapis.com/v1beta1/projects/-/sites/bizon-learning/channels/live/releases 200
[debug] [2022-10-27T17:49:47.888Z] <<< [apiv2][body] POST https://firebasehosting.googleapis.com/v1beta1/projects/-/sites/bizon-learning/channels/live/releases {"name":"projects/1000312709155/sites/bizon-learning/channels/live/releases/1666892987365325","version":{"name":"projects/1000312709155/sites/bizon-learning/versions/12d973043bcb905e","status":"FINALIZED","config":{"rewrites":[{"glob":"**","path":"/index.html"}]},"labels":{"deployment-tool":"cli-firebase"},"createTime":"2022-10-27T17:48:10.179462Z","createUser":{"email":"shamim00.optimistic11@gmail.com","imageUrl":"https://lh3.googleusercontent.com/a/ALm5wu1g0J1wxvaYkR9b2jERiGMPOMmUe9_oTVbP5MkU"},"finalizeTime":"2022-10-27T17:49:46.936736Z","finalizeUser":{"email":"shamim00.optimistic11@gmail.com","imageUrl":"https://lh3.googleusercontent.com/a/ALm5wu1g0J1wxvaYkR9b2jERiGMPOMmUe9_oTVbP5MkU"}},"type":"DEPLOY","releaseTime":"2022-10-27T17:49:47.365325839Z","releaseUser":{"email":"shamim00.optimistic11@gmail.com","imageUrl":"https://lh3.googleusercontent.com/a/ALm5wu1g0J1wxvaYkR9b2jERiGMPOMmUe9_oTVbP5MkU"}}
[debug] [2022-10-27T17:49:47.888Z] [hosting] release: {"name":"projects/1000312709155/sites/bizon-learning/channels/live/releases/1666892987365325","version":{"name":"projects/1000312709155/sites/bizon-learning/versions/12d973043bcb905e","status":"FINALIZED","config":{"rewrites":[{"glob":"**","path":"/index.html"}]},"labels":{"deployment-tool":"cli-firebase"},"createTime":"2022-10-27T17:48:10.179462Z","createUser":{"email":"shamim00.optimistic11@gmail.com","imageUrl":"https://lh3.googleusercontent.com/a/ALm5wu1g0J1wxvaYkR9b2jERiGMPOMmUe9_oTVbP5MkU"},"finalizeTime":"2022-10-27T17:49:46.936736Z","finalizeUser":{"email":"shamim00.optimistic11@gmail.com","imageUrl":"https://lh3.googleusercontent.com/a/ALm5wu1g0J1wxvaYkR9b2jERiGMPOMmUe9_oTVbP5MkU"}},"type":"DEPLOY","releaseTime":"2022-10-27T17:49:47.365325839Z","releaseUser":{"email":"shamim00.optimistic11@gmail.com","imageUrl":"https://lh3.googleusercontent.com/a/ALm5wu1g0J1wxvaYkR9b2jERiGMPOMmUe9_oTVbP5MkU"}}
[info] +  hosting[bizon-learning]: release complete 
[info] 
[info] +  Deploy complete! 
[info] 
[info] Project Console: https://console.firebase.google.com/project/bizon-learning/overview
[info] Hosting URL: https://bizon-learning.web.app
[debug] [2022-10-27T17:50:19.001Z] Error: Timed out.
    at Timeout._onTimeout (C:\Users\asus\AppData\Roaming\npm\node_modules\firebase-tools\lib\utils.js:253:49)
    at listOnTimeout (node:internal/timers:559:17)
    at processTimers (node:internal/timers:502:7)
[error] 
[error] Error: An unexpected error has occurred.
